0 info it worked if it ends with ok
1 verbose cli [ 'node', '/usr/local/bin/npm', 'install', '-g', 'less' ]
2 info using npm@1.4.14
3 info using node@v0.10.29
4 verbose cache add [ 'less', null ]
5 verbose cache add name=undefined spec="less" args=["less",null]
6 verbose parsed url { protocol: null,
6 verbose parsed url   slashes: null,
6 verbose parsed url   auth: null,
6 verbose parsed url   host: null,
6 verbose parsed url   port: null,
6 verbose parsed url   hostname: null,
6 verbose parsed url   hash: null,
6 verbose parsed url   search: null,
6 verbose parsed url   query: null,
6 verbose parsed url   pathname: 'less',
6 verbose parsed url   path: 'less',
6 verbose parsed url   href: 'less' }
7 silly lockFile 0b439cf4-less less
8 verbose lock less /Users/ryandodds/.npm/0b439cf4-less.lock
9 silly lockFile 0b439cf4-less less
10 silly lockFile 0b439cf4-less less
11 verbose addNamed [ 'less', '' ]
12 verbose addNamed [ null, '*' ]
13 silly lockFile e13833ab-less less@
14 verbose lock less@ /Users/ryandodds/.npm/e13833ab-less.lock
15 silly addNameRange { name: 'less', range: '*', hasData: false }
16 verbose url raw less
17 verbose url resolving [ 'https://registry.npmjs.org/', './less' ]
18 verbose url resolved https://registry.npmjs.org/less
19 info trying registry request attempt 1 at 17:08:29
20 http GET https://registry.npmjs.org/less
21 http 200 https://registry.npmjs.org/less
22 silly registry.get cb [ 200,
22 silly registry.get   { server: 'CouchDB/1.5.0 (Erlang OTP/R16B03)',
22 silly registry.get     etag: '"70V2UMG20IOWENBSDDAXOOF2C"',
22 silly registry.get     'content-type': 'application/json',
22 silly registry.get     'cache-control': 'max-age=60',
22 silly registry.get     'content-length': '90864',
22 silly registry.get     'accept-ranges': 'bytes',
22 silly registry.get     date: 'Wed, 13 May 2015 00:08:29 GMT',
22 silly registry.get     via: '1.1 varnish',
22 silly registry.get     age: '17',
22 silly registry.get     connection: 'keep-alive',
22 silly registry.get     'x-served-by': 'cache-lax1434-LAX',
22 silly registry.get     'x-cache': 'HIT',
22 silly registry.get     'x-cache-hits': '1',
22 silly registry.get     'x-timer': 'S1431475709.805084,VS0,VE0',
22 silly registry.get     vary: 'Accept' } ]
23 silly addNameRange number 2 { name: 'less', range: '*', hasData: true }
24 silly addNameRange versions [ 'less',
24 silly addNameRange   [ '1.0.10',
24 silly addNameRange     '1.0.11',
24 silly addNameRange     '1.0.14',
24 silly addNameRange     '1.0.18',
24 silly addNameRange     '1.0.19',
24 silly addNameRange     '1.0.21',
24 silly addNameRange     '1.0.32',
24 silly addNameRange     '1.0.36',
24 silly addNameRange     '1.0.5',
24 silly addNameRange     '1.0.40',
24 silly addNameRange     '1.0.41',
24 silly addNameRange     '1.0.44',
24 silly addNameRange     '1.1.0',
24 silly addNameRange     '1.1.1',
24 silly addNameRange     '1.1.2',
24 silly addNameRange     '1.1.4',
24 silly addNameRange     '1.1.5',
24 silly addNameRange     '1.1.6',
24 silly addNameRange     '1.2.0',
24 silly addNameRange     '1.2.1',
24 silly addNameRange     '1.2.2',
24 silly addNameRange     '1.3.0',
24 silly addNameRange     '1.3.1',
24 silly addNameRange     '1.3.2',
24 silly addNameRange     '1.3.3',
24 silly addNameRange     '1.4.0-b1',
24 silly addNameRange     '1.4.0-b2',
24 silly addNameRange     '1.4.0-b3',
24 silly addNameRange     '1.4.0-b4',
24 silly addNameRange     '1.4.0',
24 silly addNameRange     '1.4.1',
24 silly addNameRange     '1.4.2',
24 silly addNameRange     '1.5.0-b1',
24 silly addNameRange     '1.5.0-b2',
24 silly addNameRange     '1.5.0-b3',
24 silly addNameRange     '1.5.0-b4',
24 silly addNameRange     '1.5.0',
24 silly addNameRange     '1.5.1',
24 silly addNameRange     '1.6.0',
24 silly addNameRange     '1.6.1',
24 silly addNameRange     '1.6.2',
24 silly addNameRange     '1.6.3',
24 silly addNameRange     '1.7.0',
24 silly addNameRange     '1.7.1',
24 silly addNameRange     '1.7.3',
24 silly addNameRange     '1.7.4',
24 silly addNameRange     '1.7.5',
24 silly addNameRange     '2.0.0-b1',
24 silly addNameRange     '2.0.0-b2',
24 silly addNameRange     '2.0.0-b3',
24 silly addNameRange     '2.0.0',
24 silly addNameRange     '2.1.0',
24 silly addNameRange     '2.1.1',
24 silly addNameRange     '2.1.2',
24 silly addNameRange     '2.2.0',
24 silly addNameRange     '2.3.0',
24 silly addNameRange     '2.3.1',
24 silly addNameRange     '2.4.0',
24 silly addNameRange     '2.5.0' ] ]
25 verbose addNamed [ 'less', '2.5.0' ]
26 verbose addNamed [ '2.5.0', '2.5.0' ]
27 silly lockFile 518ebe01-less-2-5-0 less@2.5.0
28 verbose lock less@2.5.0 /Users/ryandodds/.npm/518ebe01-less-2-5-0.lock
29 silly lockFile 3a4f2eb1-ry-npmjs-org-less-less-2-5-0-tgz https://registry.npmjs.org/less/-/less-2.5.0.tgz
30 verbose lock https://registry.npmjs.org/less/-/less-2.5.0.tgz /Users/ryandodds/.npm/3a4f2eb1-ry-npmjs-org-less-less-2-5-0-tgz.lock
31 verbose addRemoteTarball [ 'https://registry.npmjs.org/less/-/less-2.5.0.tgz',
31 verbose addRemoteTarball   '11d6d611586de6d5f808220649bc9bbfe7ad5e17' ]
32 info retry fetch attempt 1 at 17:08:29
33 verbose fetch to= /var/folders/kf/jh49wfgn1jgfj150dl27c15w0000gn/T/npm-11932-E0Hpgm6n/registry.npmjs.org/less/-/less-2.5.0.tgz
34 http GET https://registry.npmjs.org/less/-/less-2.5.0.tgz
35 http 200 https://registry.npmjs.org/less/-/less-2.5.0.tgz
36 silly lockFile 3a4f2eb1-ry-npmjs-org-less-less-2-5-0-tgz https://registry.npmjs.org/less/-/less-2.5.0.tgz
37 silly lockFile 3a4f2eb1-ry-npmjs-org-less-less-2-5-0-tgz https://registry.npmjs.org/less/-/less-2.5.0.tgz
38 silly lockFile 518ebe01-less-2-5-0 less@2.5.0
39 silly lockFile 518ebe01-less-2-5-0 less@2.5.0
40 silly lockFile e13833ab-less less@
41 silly lockFile e13833ab-less less@
42 silly resolved [ { name: 'less',
42 silly resolved     version: '2.5.0',
42 silly resolved     description: 'Leaner CSS',
42 silly resolved     homepage: 'http://lesscss.org',
42 silly resolved     author: { name: 'Alexis Sellier', email: 'self@cloudhead.net' },
42 silly resolved     contributors: [ [Object] ],
42 silly resolved     bugs: { url: 'https://github.com/less/less.js/issues' },
42 silly resolved     repository: { type: 'git', url: 'https://github.com/less/less.js.git' },
42 silly resolved     licenses: [ [Object] ],
42 silly resolved     bin: { lessc: './bin/lessc' },
42 silly resolved     main: 'index',
42 silly resolved     directories: { test: './test' },
42 silly resolved     jam: { main: './dist/less.js' },
42 silly resolved     browser: './dist/less.js',
42 silly resolved     engines: { node: '>=0.10.0' },
42 silly resolved     scripts: { test: 'grunt test' },
42 silly resolved     optionalDependencies:
42 silly resolved      { errno: '^0.1.1',
42 silly resolved        'graceful-fs': '^3.0.5',
42 silly resolved        'image-size': '~0.3.5',
42 silly resolved        mime: '^1.2.11',
42 silly resolved        mkdirp: '^0.5.0',
42 silly resolved        promise: '^6.0.1',
42 silly resolved        request: '^2.51.0',
42 silly resolved        'source-map': '^0.4.2' },
42 silly resolved     devDependencies:
42 silly resolved      { diff: '^1.0',
42 silly resolved        grunt: '^0.4.5',
42 silly resolved        'grunt-contrib-clean': '^0.6.0',
42 silly resolved        'grunt-contrib-concat': '^0.5.0',
42 silly resolved        'grunt-contrib-connect': '^0.9.0',
42 silly resolved        'grunt-contrib-jasmine': '^0.8.2',
42 silly resolved        'grunt-contrib-jshint': '^0.11.0',
42 silly resolved        'grunt-contrib-uglify': '^0.8.0',
42 silly resolved        'grunt-jscs': '^1.6.0',
42 silly resolved        'grunt-shell': '^1.1.1',
42 silly resolved        'grunt-browserify': '~3.5.0',
42 silly resolved        'jit-grunt': '^0.9.1',
42 silly resolved        'time-grunt': '^1.0.0',
42 silly resolved        'grunt-saucelabs': '^8.3.2' },
42 silly resolved     keywords:
42 silly resolved      [ 'compile less',
42 silly resolved        'css nesting',
42 silly resolved        'css variable',
42 silly resolved        'css',
42 silly resolved        'gradients css',
42 silly resolved        'gradients css3',
42 silly resolved        'less compiler',
42 silly resolved        'less css',
42 silly resolved        'less mixins',
42 silly resolved        'less',
42 silly resolved        'less.js',
42 silly resolved        'lesscss',
42 silly resolved        'mixins',
42 silly resolved        'nested css',
42 silly resolved        'parser',
42 silly resolved        'preprocessor',
42 silly resolved        'bootstrap css',
42 silly resolved        'bootstrap less',
42 silly resolved        'style',
42 silly resolved        'styles',
42 silly resolved        'stylesheet',
42 silly resolved        'variables in css',
42 silly resolved        'css less' ],
42 silly resolved     gitHead: '9b7021a309a9010b04ddc89d5fd86f1d2d0b3433',
42 silly resolved     dependencies:
42 silly resolved      { errno: '^0.1.1',
42 silly resolved        'graceful-fs': '^3.0.5',
42 silly resolved        'image-size': '~0.3.5',
42 silly resolved        mime: '^1.2.11',
42 silly resolved        mkdirp: '^0.5.0',
42 silly resolved        promise: '^6.0.1',
42 silly resolved        request: '^2.51.0',
42 silly resolved        'source-map': '^0.4.2' },
42 silly resolved     _id: 'less@2.5.0',
42 silly resolved     _shasum: '11d6d611586de6d5f808220649bc9bbfe7ad5e17',
42 silly resolved     _from: 'less@',
42 silly resolved     _npmVersion: '2.5.1',
42 silly resolved     _nodeVersion: '0.12.1',
42 silly resolved     _npmUser: { name: 'agatronic', email: 'luke.a.page@gmail.com' },
42 silly resolved     maintainers: [ [Object], [Object] ],
42 silly resolved     dist:
42 silly resolved      { shasum: '11d6d611586de6d5f808220649bc9bbfe7ad5e17',
42 silly resolved        tarball: 'http://registry.npmjs.org/less/-/less-2.5.0.tgz' },
42 silly resolved     _resolved: 'https://registry.npmjs.org/less/-/less-2.5.0.tgz' } ]
43 info install less@2.5.0 into /usr/local/lib
44 info installOne less@2.5.0
45 info /usr/local/lib/node_modules/less unbuild
46 verbose tar unpack /Users/ryandodds/.npm/less/2.5.0/package.tgz
47 silly lockFile 7a611c47--usr-local-lib-node-modules-less tar:///usr/local/lib/node_modules/less
48 verbose lock tar:///usr/local/lib/node_modules/less /Users/ryandodds/.npm/7a611c47--usr-local-lib-node-modules-less.lock
49 silly lockFile b8855704-dodds-npm-less-2-5-0-package-tgz tar:///Users/ryandodds/.npm/less/2.5.0/package.tgz
50 verbose lock tar:///Users/ryandodds/.npm/less/2.5.0/package.tgz /Users/ryandodds/.npm/b8855704-dodds-npm-less-2-5-0-package-tgz.lock
51 silly gunzTarPerm modes [ '755', '644' ]
52 error Error: EACCES, mkdir '/usr/local/lib/node_modules/less'
52 error  { [Error: EACCES, mkdir '/usr/local/lib/node_modules/less']
52 error   errno: 3,
52 error   code: 'EACCES',
52 error   path: '/usr/local/lib/node_modules/less',
52 error   fstream_type: 'Directory',
52 error   fstream_path: '/usr/local/lib/node_modules/less',
52 error   fstream_class: 'DirWriter',
52 error   fstream_stack:
52 error    [ '/usr/local/lib/node_modules/npm/node_modules/fstream/lib/dir-writer.js:36:23',
52 error      '/usr/local/lib/node_modules/npm/node_modules/mkdirp/index.js:37:53',
52 error      'Object.oncomplete (fs.js:107:15)' ] }
53 error Please try running this command again as root/Administrator.
54 error System Darwin 14.3.0
55 error command "node" "/usr/local/bin/npm" "install" "-g" "less"
56 error cwd /Users/ryandodds/projects/hellowebapp
57 error node -v v0.10.29
58 error npm -v 1.4.14
59 error path /usr/local/lib/node_modules/less
60 error fstream_path /usr/local/lib/node_modules/less
61 error fstream_type Directory
62 error fstream_class DirWriter
63 error code EACCES
64 error errno 3
65 error stack Error: EACCES, mkdir '/usr/local/lib/node_modules/less'
66 error fstream_stack /usr/local/lib/node_modules/npm/node_modules/fstream/lib/dir-writer.js:36:23
66 error fstream_stack /usr/local/lib/node_modules/npm/node_modules/mkdirp/index.js:37:53
66 error fstream_stack Object.oncomplete (fs.js:107:15)
67 verbose exit [ 3, true ]
